\BOOKMARK [1][-]{section.1}{\376\377\000A\000p\000l\000i\000c\000a\000c\000i\000\363\000n\000\040\000d\000e\000l\000\040\000m\000\351\000t\000o\000d\000o\000\040\000e\000s\000t\000\341\000t\000i\000c\000o}{}% 1
\BOOKMARK [2][-]{subsection.1.1}{\376\377\000D\000e\000s\000p\000l\000a\000z\000a\000m\000i\000e\000n\000t\000o\000s\000\040\000m\000\341\000x\000i\000m\000o\000s\000\040\000e\000n\000\040\000l\000a\000\040\000e\000s\000t\000r\000u\000c\000t\000u\000r\000a}{section.1}% 2
\BOOKMARK [3][-]{subsubsection.1.1.1}{\376\377\000D\000e\000s\000p\000l\000a\000z\000a\000m\000i\000e\000n\000t\000o\000\040\000m\000\341\000x\000i\000m\000o\000\040\000t\000r\000a\000s\000l\000a\000c\000i\000o\000n\000a\000l\000\040\000d\000e\000l\000\040\000n\000i\000v\000e\000l\000\040\000d\000e\000\040\000a\000i\000s\000l\000a\000m\000i\000e\000n\000t\000o}{subsection.1.1}% 3
\BOOKMARK [3][-]{subsubsection.1.1.2}{\376\377\000D\000e\000s\000p\000l\000a\000z\000a\000m\000i\000e\000n\000t\000o\000\040\000t\000o\000t\000a\000l\000\040\000e\000n\000\040\000l\000a\000\040\000b\000a\000s\000e\000\040\000d\000e\000l\000\040\000a\000i\000s\000l\000a\000m\000i\000e\000n\000t\000o}{subsection.1.1}% 4
\BOOKMARK [2][-]{subsection.1.2}{\376\377\000F\000u\000e\000r\000z\000a\000\040\000c\000o\000r\000t\000a\000n\000t\000e\000\040\000m\000\341\000x\000i\000m\000a\000\040\000d\000e\000\040\000l\000a\000\040\000e\000s\000t\000r\000u\000c\000t\000u\000r\000a}{section.1}% 5
\BOOKMARK [3][-]{subsubsection.1.2.1}{\376\377\000F\000u\000e\000r\000z\000a\000\040\000c\000o\000r\000t\000a\000n\000t\000e\000\040\000e\000n\000\040\000l\000a\000\040\000b\000a\000s\000e\000\040\000d\000e\000\040\000a\000i\000s\000l\000a\000m\000i\000e\000n\000t\000o}{subsection.1.2}% 6
\BOOKMARK [3][-]{subsubsection.1.2.2}{\376\377\000F\000u\000e\000r\000z\000a\000\040\000c\000o\000r\000t\000a\000n\000t\000e\000\040\000e\000n\000\040\000l\000a\000\040\000s\000u\000p\000e\000r\000e\000s\000t\000r\000u\000c\000t\000u\000r\000a}{subsection.1.2}% 7
\BOOKMARK [1][-]{section.2}{\376\377\000C\000o\000n\000s\000t\000r\000u\000c\000c\000i\000\363\000n\000\040\000d\000e\000\040\000l\000a\000\040\000c\000u\000r\000v\000a\000\040\000b\000i\000l\000i\000n\000e\000a\000l}{}% 8
\BOOKMARK [2][-]{subsection.2.1}{\376\377\000P\000a\000r\000\341\000m\000e\000t\000r\000o\000s\000\040\000d\000e\000\040\000l\000a\000\040\000c\000u\000r\000v\000a\000\040\000b\000i\000l\000i\000n\000e\000a\000l}{section.2}% 9
\BOOKMARK [3][-]{subsubsection.2.1.1}{\376\377\000D\000e\000s\000p\000l\000a\000z\000a\000m\000i\000e\000n\000t\000o\000\040\000d\000e\000\040\000f\000l\000u\000e\000n\000c\000i\000a}{subsection.2.1}% 10
\BOOKMARK [3][-]{subsubsection.2.1.2}{\376\377\000R\000i\000g\000i\000d\000e\000z\000\040\000p\000o\000s\000t\000-\000f\000l\000u\000e\000n\000c\000i\000a}{subsection.2.1}% 11
\BOOKMARK [3][-]{subsubsection.2.1.3}{\376\377\000R\000i\000g\000i\000d\000e\000z\000\040\000i\000n\000i\000c\000i\000a\000l}{subsection.2.1}% 12
\BOOKMARK [3][-]{subsubsection.2.1.4}{\376\377\000O\000t\000r\000o\000s\000\040\000p\000u\000n\000t\000o\000s}{subsection.2.1}% 13
\BOOKMARK [3][-]{subsubsection.2.1.5}{\376\377\000C\000o\000m\000p\000r\000o\000b\000a\000c\000i\000\363\000n\000\040\000d\000e\000\040\000r\000e\000s\000u\000l\000t\000a\000d\000o\000s}{subsection.2.1}% 14
\BOOKMARK [3][-]{subsubsection.2.1.6}{\376\377\000G\000r\000\341\000f\000i\000c\000a\000\040\000d\000e\000\040\000l\000a\000\040\000c\000u\000r\000v\000a\000\040\000b\000i\000l\000i\000n\000e\000a\000l}{subsection.2.1}% 15
\BOOKMARK [3][-]{subsubsection.2.1.7}{\376\377\000C\000o\000m\000p\000r\000o\000b\000a\000c\000i\000\363\000n\000\040\000d\000e\000\040\000l\000a\000\040\000f\000u\000e\000r\000z\000a\000\040\000r\000e\000s\000t\000i\000t\000u\000t\000i\000v\000a}{subsection.2.1}% 16
\BOOKMARK [1][-]{section.3}{\376\377\000C\000o\000m\000p\000a\000t\000i\000b\000i\000l\000i\000z\000a\000c\000i\000\363\000n\000\040\000d\000e\000\040\000e\000s\000p\000e\000c\000t\000r\000o\000s}{}% 17
\BOOKMARK [2][-]{subsection.3.1}{\376\377\000N\000\372\000m\000e\000r\000o\000\040\000d\000e\000\040\000a\000c\000e\000l\000e\000r\000o\000g\000r\000a\000m\000a\000s\000\040\000i\000n\000g\000r\000e\000s\000a\000d\000o\000s}{section.3}% 18
\BOOKMARK [2][-]{subsection.3.2}{\376\377\000G\000e\000n\000e\000r\000a\000c\000i\000\363\000n\000\040\000d\000e\000l\000\040\000e\000s\000p\000e\000c\000t\000r\000o\000\040\000d\000e\000\040\000a\000c\000e\000l\000e\000r\000a\000c\000i\000o\000n\000e\000s}{section.3}% 19
\BOOKMARK [1][-]{section.4}{\376\377\000A\000n\000\341\000l\000i\000s\000i\000s\000\040\000t\000i\000e\000m\000p\000o\000\040\000h\000i\000s\000t\000o\000r\000i\000a\000\040\000d\000e\000\040\000l\000a\000\040\000e\000s\000t\000r\000u\000c\000t\000u\000r\000a}{}% 20
\BOOKMARK [2][-]{subsection.4.1}{\376\377\000C\000o\000m\000p\000a\000r\000a\000c\000i\000\363\000n\000\040\000d\000e\000\040\000d\000i\000a\000g\000r\000a\000m\000a\000s\000\040\000h\000i\000s\000t\000e\000r\000\351\000t\000i\000c\000o\000s\000\040\000c\000o\000n\000\040\000e\000l\000\040\000g\000r\000\341\000f\000i\000c\000o\000\040\000t\000e\000\363\000r\000i\000c\000o}{section.4}% 21
\BOOKMARK [2][-]{subsection.4.2}{\376\377\000D\000e\000s\000p\000l\000a\000z\000a\000m\000i\000e\000n\000t\000o\000s\000\040\000m\000\341\000x\000i\000m\000o\000s\000\040\000d\000e\000l\000\040\000d\000i\000s\000p\000o\000s\000i\000t\000i\000v\000o\000\040\000\050\000a\000i\000s\000l\000a\000d\000o\000r\000\051}{section.4}% 22
